*** gen_const_seq ***
threshold =1, count =66
Participant ID: bjlee
  3820000.000 => 3823000.000
  1720000.000 => 1723000.000
  3940000.000 => 3943000.000
  1240000.000 => 1243000.000
threshold =1, count =66
Participant ID: cekim
  2440000.000 => 2443000.000
  520000.000 => 523000.000
  1000000.000 => 1003000.000
  1840000.000 => 1843000.000
threshold =1, count =66
Participant ID: cylee
  1540000.000 => 1543000.000
  2740000.000 => 2743000.000
  1900000.000 => 1903000.000
  820000.000 => 823000.000
threshold =1, count =66
Participant ID: dsbaek
  820000.000 => 823000.000
  1780000.000 => 1783000.000
  1960000.000 => 1963000.000
  1540000.000 => 1543000.000
threshold =1, count =66
Participant ID: eskim
  1060000.000 => 1063000.000
  2500000.000 => 2503000.000
  1240000.000 => 1243000.000
  2380000.000 => 2383000.000
threshold =1, count =66
Participant ID: hhkim
  2380000.000 => 2383000.000
  3640000.000 => 3643000.000
  1420000.000 => 1423000.000
  520000.000 => 523000.000
threshold =1, count =66
Participant ID: jhkim
  2680000.000 => 2683000.000
  1720000.000 => 1723000.000
  1060000.000 => 1063000.000
  3340000.000 => 3343000.000
threshold =1, count =66
Participant ID: jhlee
  1960000.000 => 1963000.000
  2620000.000 => 2623000.000
  2800000.000 => 2803000.000
  2860000.000 => 2863000.000
threshold =1, count =66
Participant ID: jhryu
  3340000.000 => 3343000.000
  2920000.000 => 2923000.000
  2680000.000 => 2683000.000
  1660000.000 => 1663000.000
threshold =1, count =66
Participant ID: jkim
  1720000.000 => 1723000.000
  400000.000 => 403000.000
  2500000.000 => 2503000.000
  3160000.000 => 3163000.000
threshold =1, count =66
Participant ID: kwon
  3520000.000 => 3523000.000
  1900000.000 => 1903000.000
  3820000.000 => 3823000.000
  2140000.000 => 2143000.000
threshold =1, count =66
Participant ID: mhseo
  1240000.000 => 1243000.000
  340000.000 => 343000.000
  2740000.000 => 2743000.000
  2800000.000 => 2803000.000
threshold =1, count =66
Participant ID: sbryu
  3160000.000 => 3163000.000
  1420000.000 => 1423000.000
  100000.000 => 103000.000
  2740000.000 => 2743000.000
threshold =1, count =66
Participant ID: swlee
  1900000.000 => 1903000.000
  3100000.000 => 3103000.000
  1780000.000 => 1783000.000
  1360000.000 => 1363000.000
threshold =1, count =66
Participant ID: yhlee
  1420000.000 => 1423000.000
  2920000.000 => 2923000.000
  700000.000 => 703000.000
  1960000.000 => 1963000.000
threshold =1, count =66
Participant ID: yrseo
  1120000.000 => 1123000.000
  820000.000 => 823000.000
  3100000.000 => 3103000.000
  3700000.000 => 3703000.000
threshold =1, count =66
Participant ID: yspark
  2620000.000 => 2623000.000
  1780000.000 => 1783000.000
  2740000.000 => 2743000.000
  2260000.000 => 2263000.000
  threshold =1, count =66
Participant ID: kwpark
  2680000.000 => 2683000.000
  1720000.000 => 1723000.000
  1060000.000 => 1063000.000
  3340000.000 => 3343000.000