>> gen_long_seq
*** gen_short_seq ***
threshold =150, count =0
threshold =160, count =0
threshold =170, count =2
threshold =180, count =2
threshold =190, count =3
threshold =200, count =3
threshold =210, count =9
Participant ID: bjlee
  1086117.000 => 1089117.000
  308184.000 => 311184.000
  99117.000 => 102117.000
  3414034.000 => 3417034.000
  1803350.000 => 1806350.000
  246934.000 => 249934.000
  222750.000 => 225750.000
  64167.000 => 67167.000
threshold =150, count =1
threshold =160, count =1
threshold =170, count =20
Participant ID: cekim
  2891317.000 => 2894317.000
  3067617.000 => 3070617.000
  3936183.000 => 3939183.000
  627434.000 => 630434.000
  3449767.000 => 3452767.000
  3983234.000 => 3986234.000
  3314850.000 => 3317850.000
  979717.000 => 982717.000
threshold =150, count =1
threshold =160, count =1
threshold =170, count =1
threshold =180, count =1
threshold =190, count =1
threshold =200, count =1
threshold =210, count =1
threshold =220, count =1
threshold =230, count =1
threshold =240, count =2
threshold =250, count =2
threshold =260, count =2
threshold =270, count =3
threshold =280, count =3
threshold =290, count =3
threshold =300, count =3
threshold =310, count =6
threshold =320, count =8
Participant ID: cylee
  1907067.000 => 1910067.000
  1307967.000 => 1310967.000
  1181500.000 => 1184500.000
  1716300.000 => 1719300.000
  1530067.000 => 1533067.000
  936050.000 => 939050.000
  1402084.000 => 1405084.000
  1903817.000 => 1906817.000
threshold =150, count =1
threshold =160, count =1
threshold =170, count =9
Participant ID: dsbaek
  1091750.000 => 1094750.000
  1017800.000 => 1020800.000
  803700.000 => 806700.000
  1203200.000 => 1206200.000
  834900.000 => 837900.000
  673933.000 => 676933.000
  424633.000 => 427633.000
  1683950.000 => 1686950.000
threshold =150, count =1
threshold =160, count =1
threshold =170, count =3
threshold =180, count =3
threshold =190, count =4
threshold =200, count =4
threshold =210, count =8
Participant ID: eskim
  1275734.000 => 1278734.000
  102100.000 => 105100.000
  1851817.000 => 1854817.000
  1907217.000 => 1910217.000
  1378184.000 => 1381184.000
  539150.000 => 542150.000
  239634.000 => 242634.000
  1902184.000 => 1905184.000
threshold =150, count =7
threshold =160, count =8
Participant ID: hhkim
  535117.000 => 538117.000
  699467.000 => 702467.000
  3337100.000 => 3340100.000
  244067.000 => 247067.000
  619567.000 => 622567.000
  1106600.000 => 1109600.000
  1150167.000 => 1153167.000
  1790500.000 => 1793500.000
threshold =150, count =4
threshold =160, count =4
threshold =170, count =35
Participant ID: jhkim
  693183.000 => 696183.000
  3125350.000 => 3128350.000
  71750.000 => 74750.000
  3904267.000 => 3907267.000
  1594200.000 => 1597200.000
  1920217.000 => 1923217.000
  2724634.000 => 2727634.000
  484367.000 => 487367.000
threshold =150, count =2
threshold =160, count =2
threshold =170, count =3
threshold =180, count =3
threshold =190, count =3
threshold =200, count =3
threshold =210, count =15
Participant ID: jhlee
  2605350.000 => 2608350.000
  3183184.000 => 3186184.000
  2550733.000 => 2553733.000
  2347317.000 => 2350317.000
  852550.000 => 855550.000
  2472567.000 => 2475567.000
  3843767.000 => 3846767.000
  1948667.000 => 1951667.000
threshold =150, count =0
threshold =160, count =0
threshold =170, count =2
threshold =180, count =2
threshold =190, count =2
threshold =200, count =2
threshold =210, count =12
Participant ID: jhryu
  1469834.000 => 1472834.000
  989900.000 => 992900.000
  1057583.000 => 1060583.000
  1168850.000 => 1171850.000
  1003783.000 => 1006783.000
  1273800.000 => 1276800.000
  985017.000 => 988017.000
  1397717.000 => 1400717.000
threshold =150, count =3
threshold =160, count =3
threshold =170, count =19
Participant ID: jkim
  3867217.000 => 3870217.000
  2905367.000 => 2908367.000
  1472050.000 => 1475050.000
  995717.000 => 998717.000
  1576800.000 => 1579800.000
  3298817.000 => 3301817.000
  1286884.000 => 1289884.000
  492600.000 => 495600.000
threshold =150, count =0
threshold =160, count =0
threshold =170, count =4
threshold =180, count =4
threshold =190, count =4
threshold =200, count =4
threshold =210, count =9
Participant ID: kwon
  977734.000 => 980734.000
  1302867.000 => 1305867.000
  3669984.000 => 3672984.000
  2812084.000 => 2815084.000
  3530484.000 => 3533484.000
  2673617.000 => 2676617.000
  2084284.000 => 2087284.000
  2639634.000 => 2642634.000
threshold =150, count =0
threshold =160, count =0
threshold =170, count =3
threshold =180, count =3
threshold =190, count =3
threshold =200, count =3
threshold =210, count =9
Participant ID: mhseo
  3047200.000 => 3050200.000
  2074700.000 => 2077700.000
  1591984.000 => 1594984.000
  2119250.000 => 2122250.000
  2387450.000 => 2390450.000
  1893850.000 => 1896850.000
  3232700.000 => 3235700.000
  3041950.000 => 3044950.000
threshold =150, count =0
threshold =160, count =0
threshold =170, count =1
threshold =180, count =1
threshold =190, count =1
threshold =200, count =1
threshold =210, count =6
threshold =220, count =7
threshold =230, count =7
threshold =240, count =18
Participant ID: sbryu
  487350.000 => 490350.000
  2947584.000 => 2950584.000
  2754884.000 => 2757884.000
  411300.000 => 414300.000
  474934.000 => 477934.000
  335267.000 => 338267.000
  523950.000 => 526950.000
  927117.000 => 930117.000
threshold =150, count =9
Participant ID: swlee
  3632050.000 => 3635050.000
  3591984.000 => 3594984.000
  1396267.000 => 1399267.000
  3607833.000 => 3610833.000
  3643634.000 => 3646634.000
  1663934.000 => 1666934.000
  1540883.000 => 1543883.000
  1544567.000 => 1547567.000
threshold =150, count =0
threshold =160, count =0
threshold =170, count =3
threshold =180, count =3
threshold =190, count =3
threshold =200, count =3
threshold =210, count =7
threshold =220, count =7
threshold =230, count =7
threshold =240, count =19
Participant ID: yhlee
  1498950.000 => 1501950.000
  3529800.000 => 3532800.000
  535400.000 => 538400.000
  3498550.000 => 3501550.000
  1707134.000 => 1710134.000
  1870033.000 => 1873033.000
  3640350.000 => 3643350.000
  413200.000 => 416200.000
threshold =150, count =1
threshold =160, count =1
threshold =170, count =3
threshold =180, count =3
threshold =190, count =3
threshold =200, count =3
threshold =210, count =6
threshold =220, count =6
threshold =230, count =6
threshold =240, count =30
Participant ID: yrseo
  2183533.000 => 2186533.000
  3842367.000 => 3845367.000
  1291134.000 => 1294134.000
  3887234.000 => 3890234.000
  3636950.000 => 3639950.000
  3225933.000 => 3228933.000
  3892700.000 => 3895700.000
  1768467.000 => 1771467.000
threshold =150, count =0
threshold =160, count =0
threshold =170, count =2
threshold =180, count =2
threshold =190, count =2
threshold =200, count =2
threshold =210, count =11
Participant ID: yspark
  433450.000 => 436450.000
  390533.000 => 393533.000
  2239517.000 => 2242517.000
  1179267.000 => 1182267.000
  486650.000 => 489650.000
  3314967.000 => 3317967.000
  1649233.000 => 1652233.000
  416783.000 => 419783.000