>> gen_long_seq
threshold =2000, count =57
Participant ID: bjlee
  3629084.000 => 3632084.000
  3519317.000 => 3522317.000
  32850.000 => 35850.000
  2047384.000 => 2050384.000
  2033067.000 => 2036067.000
  3142334.000 => 3145334.000
  2318967.000 => 2321967.000
  626083.000 => 629083.000
threshold =2000, count =5
threshold =1800, count =6
threshold =1600, count =8
Participant ID: cekim
  1196734.000 => 1199734.000
  2744767.000 => 2747767.000
  929600.000 => 932600.000
  1812734.000 => 1815734.000
  2472650.000 => 2475650.000
  2768784.000 => 2771784.000
  1680450.000 => 1683450.000
  2797834.000 => 2800834.000
threshold =2000, count =45
Participant ID: cylee
  417350.000 => 420350.000
  750300.000 => 753300.000
  1730900.000 => 1733900.000
  1814600.000 => 1817600.000
  838567.000 => 841567.000
  130334.000 => 133334.000
  1314250.000 => 1317250.000
  731917.000 => 734917.000
threshold =2000, count =4
threshold =1800, count =5
threshold =1600, count =7
threshold =1400, count =14
Participant ID: dsbaek
  3370983.000 => 3373983.000
  3252467.000 => 3255467.000
  2307733.000 => 2310733.000
  3731650.000 => 3734650.000
  3543834.000 => 3546834.000
  3750067.000 => 3753067.000
  3077117.000 => 3080117.000
  3972017.000 => 3975017.000
threshold =2000, count =18
Participant ID: eskim
  927600.000 => 930600.000
  117517.000 => 120517.000
  1634184.000 => 1637184.000
  1186100.000 => 1189100.000
  214900.000 => 217900.000
  1456584.000 => 1459584.000
  1055367.000 => 1058367.000
  742333.000 => 745333.000
threshold =2000, count =6
threshold =1800, count =9
Participant ID: hhkim
  3293750.000 => 3296750.000
  2948167.000 => 2951167.000
  2667284.000 => 2670284.000
  3178700.000 => 3181700.000
  1375134.000 => 1378134.000
  3162734.000 => 3165734.000
  734000.000 => 737000.000
  3168350.000 => 3171350.000
threshold =2000, count =3
threshold =1800, count =5
threshold =1600, count =9
Participant ID: jhkim
  915283.000 => 918283.000
  506933.000 => 509933.000
  1635167.000 => 1638167.000
  1646067.000 => 1649067.000
  3228400.000 => 3231400.000
  3497234.000 => 3500234.000
  2552950.000 => 2555950.000
  3465967.000 => 3468967.000
threshold =2000, count =15
Participant ID: jhlee
  1716067.000 => 1719067.000
  1010983.000 => 1013983.000
  721850.000 => 724850.000
  1836417.000 => 1839417.000
  462734.000 => 465734.000
  126150.000 => 129150.000
  1831200.000 => 1834200.000
  522300.000 => 525300.000
threshold =2000, count =72
Participant ID: jhryu
  2619284.000 => 2622284.000
  3277534.000 => 3280534.000
  2687667.000 => 2690667.000
  3681434.000 => 3684434.000
  2392417.000 => 2395417.000
  2957267.000 => 2960267.000
  2734633.000 => 2737633.000
  26800.000 => 29800.000
threshold =2000, count =20
Participant ID: jkim
  62750.000 => 65750.000
  68384.000 => 71384.000
  2155484.000 => 2158484.000
  3785884.000 => 3788884.000
  811117.000 => 814117.000
  32717.000 => 35717.000
  2455717.000 => 2458717.000
  1917117.000 => 1920117.000
threshold =2000, count =29
Participant ID: kwon
  2181667.000 => 2184667.000
  152217.000 => 155217.000
  109117.000 => 112117.000
  1749250.000 => 1752250.000
  2108900.000 => 2111900.000
  2174750.000 => 2177750.000
  1250217.000 => 1253217.000
  1285950.000 => 1288950.000
threshold =2000, count =49
Participant ID: mhseo
  230684.000 => 233684.000
  3359217.000 => 3362217.000
  3792884.000 => 3795884.000
  1519200.000 => 1522200.000
  1228000.000 => 1231000.000
  2791450.000 => 2794450.000
  235050.000 => 238050.000
  272050.000 => 275050.000
threshold =2000, count =67
Participant ID: sbryu
  1990117.000 => 1993117.000
  2024217.000 => 2027217.000
  2461350.000 => 2464350.000
  2191717.000 => 2194717.000
  63567.000 => 66567.000
  2522633.000 => 2525633.000
  2176467.000 => 2179467.000
  2318984.000 => 2321984.000
threshold =2000, count =2
threshold =1800, count =3
threshold =1600, count =5
threshold =1400, count =9
Participant ID: swlee
  3765050.000 => 3768050.000
  3778250.000 => 3781250.000
  876884.000 => 879884.000
  2770484.000 => 2773484.000
  3513834.000 => 3516834.000
  3364817.000 => 3367817.000
  84700.000 => 87700.000
  3504000.000 => 3507000.000
threshold =2000, count =22
Participant ID: yhlee
  194134.000 => 197134.000
  2635183.000 => 2638183.000
  1932617.000 => 1935617.000
  2645734.000 => 2648734.000
  2657184.000 => 2660184.000
  1915133.000 => 1918133.000
  235067.000 => 238067.000
  183767.000 => 186767.000
threshold =2000, count =31
Participant ID: yrseo
  2745933.000 => 2748933.000
  2715850.000 => 2718850.000
  234717.000 => 237717.000
  262684.000 => 265684.000
  2774600.000 => 2777600.000
  723367.000 => 726367.000
  422933.000 => 425933.000
  262684.000 => 265684.000
threshold =2000, count =35
Participant ID: yspark
  3592584.000 => 3595584.000
  2787400.000 => 2790400.000
  1639600.000 => 1642600.000
  2757784.000 => 2760784.000
  3984117.000 => 3987117.000
  3187917.000 => 3190917.000
  2754434.000 => 2757434.000
  2748150.000 => 2751150.000